<?xml version="1.0" encoding="UTF-8"?>
<!-- Generated by org.testng.reporters.JUnitXMLReporter -->
<testsuite ignored="0" hostname="DESKTOP-IF7542D" failures="1" tests="3" name="Error Validations Test" time="35.857" errors="0" timestamp="2024-01-18T01:43:56 IST">
  <testcase classname="rahulshettyacademy.tests.ErrorValidationsTest" name="SubmitOrder" time="1.923"/>
  <testcase classname="rahulshettyacademy.tests.ErrorValidationsTest" name="enterInvalidEmail" time="0.775">
    <skipped/>
  </testcase> <!-- enterInvalidEmail -->
  <testcase classname="rahulshettyacademy.tests.ErrorValidationsTest" name="enterInvalidEmail" time="0.755">
    <failure type="java.lang.AssertionError" message="expected [Incorrect email or password.] but found [Incorrect email password.]">
      <![CDATA[java.lang.AssertionError: expected [Incorrect email or password.] but found [Incorrect email password.]
at rahulshettyacademy.tests.ErrorValidationsTest.enterInvalidEmail(ErrorValidationsTest.java:27)
at java.base/java.util.ArrayList.forEach(ArrayList.java:1511)
at java.base/java.util.concurrent.FutureTask.run(FutureTask.java:264)
at java.base/java.util.concurrent.ThreadPoolExecutor.runWorker(ThreadPoolExecutor.java:1136)
at java.base/java.util.concurrent.ThreadPoolExecutor$Worker.run(ThreadPoolExecutor.java:635)
at java.base/java.lang.Thread.run(Thread.java:833)
... Removed 23 stack frames]]>
    </failure>
  </testcase> <!-- enterInvalidEmail -->
</testsuite> <!-- Error Validations Test -->
