<?xml version="1.0" encoding="UTF-8"?>
<!-- Generated by org.testng.reporters.JUnitXMLReporter -->
<testsuite ignored="0" hostname="DESKTOP-IF7542D" failures="1" tests="3" name="Error Validations Test" time="46.305" errors="0" timestamp="2024-01-20T00:41:51 IST">
  <testcase classname="rahulshettyacademy.tests.ErrorValidationsTest" name="SubmitOrder" time="1.987"/>
  <testcase classname="rahulshettyacademy.tests.ErrorValidationsTest" name="enterInvalidEmail" time="0.794">
    <skipped/>
  </testcase> <!-- enterInvalidEmail -->
  <testcase classname="rahulshettyacademy.tests.ErrorValidationsTest" name="enterInvalidEmail" time="0.799">
    <failure type="java.lang.AssertionError" message="expected [Incorrect email or password.] but found [Incorrect email password.]">
      <![CDATA[java.lang.AssertionError: expected [Incorrect email or password.] but found [Incorrect email password.]
at rahulshettyacademy.tests.ErrorValidationsTest.enterInvalidEmail(ErrorValidationsTest.java:27)
at java.base/java.util.ArrayList.forEach(ArrayList.java:1511)
at java.base/java.util.concurrent.FutureTask.run(FutureTask.java:317)
at java.base/java.util.concurrent.ThreadPoolExecutor.runWorker(ThreadPoolExecutor.java:1144)
at java.base/java.util.concurrent.ThreadPoolExecutor$Worker.run(ThreadPoolExecutor.java:642)
at java.base/java.lang.Thread.run(Thread.java:1623)
... Removed 21 stack frames]]>
    </failure>
  </testcase> <!-- enterInvalidEmail -->
</testsuite> <!-- Error Validations Test -->
